<?xml version="1.0" encoding="UTF-8"?>
<testsuite xmlns:xsi="http://www.w3.org/2001/XMLSchema-instance" xsi:schemaLocation="https://maven.apache.org/surefire/maven-surefire-plugin/xsd/surefire-test-report.xsd" name="com.ivandelic.prototype.teleport.MainTest" time="1.082" tests="1" errors="0" skipped="0" failures="0">
  <properties>
    <property name="os.detected.version" value="4.4"/>
    <property name="java.runtime.name" value="OpenJDK Runtime Environment"/>
    <property name="sun.boot.library.path" value="/usr/lib/jvm/graalvm-ce-19.2.1/jre/lib/amd64"/>
    <property name="java.vm.version" value="25.232-b07-jvmci-19.2-b03"/>
    <property name="java.vm.vendor" value="Oracle Corporation"/>
    <property name="maven.multiModuleProjectDirectory" value="/mnt/c/Users/idelic/Documents/dev/eclipse/warp-speed/warp-speed-teleport"/>
    <property name="java.vendor.url" value="http://java.oracle.com/"/>
    <property name="os.detected.version.minor" value="4"/>
    <property name="path.separator" value=":"/>
    <property name="guice.disable.misplaced.annotation.check" value="true"/>
    <property name="java.vm.name" value="OpenJDK 64-Bit GraalVM CE 19.2.1"/>
    <property name="file.encoding.pkg" value="sun.io"/>
    <property name="sun.java.launcher" value="SUN_STANDARD"/>
    <property name="sun.os.patch.level" value="unknown"/>
    <property name="java.vm.specification.name" value="Java Virtual Machine Specification"/>
    <property name="user.dir" value="/mnt/c/Users/idelic/Documents/dev/eclipse/warp-speed/warp-speed-teleport"/>
    <property name="os.detected.release.like.debian" value="true"/>
    <property name="java.runtime.version" value="1.8.0_232-20191008104205.buildslave.jdk8u-src-tar--b07"/>
    <property name="java.awt.graphicsenv" value="sun.awt.X11GraphicsEnvironment"/>
    <property name="java.endorsed.dirs" value="/usr/lib/jvm/graalvm-ce-19.2.1/jre/lib/endorsed"/>
    <property name="os.arch" value="amd64"/>
    <property name="java.io.tmpdir" value="/tmp"/>
    <property name="os.detected.release.version" value="18.04"/>
    <property name="line.separator" value="&#10;"/>
    <property name="java.vm.specification.vendor" value="Oracle Corporation"/>
    <property name="os.detected.version.major" value="4"/>
    <property name="os.name" value="Linux"/>
    <property name="os.detected.classifier" value="linux-x86_64"/>
    <property name="classworlds.conf" value="/mnt/c/Program Files (x86)/apache-maven-3.6.2/bin/m2.conf"/>
    <property name="sun.jnu.encoding" value="UTF-8"/>
    <property name="java.library.path" value="/usr/java/packages/lib/amd64:/usr/lib64:/lib64:/lib:/usr/lib"/>
    <property name="os.detected.arch" value="x86_64"/>
    <property name="maven.conf" value="/mnt/c/Program Files (x86)/apache-maven-3.6.2/conf"/>
    <property name="java.specification.name" value="Java Platform API Specification"/>
    <property name="java.class.version" value="52.0"/>
    <property name="sun.management.compiler" value="HotSpot 64-Bit Tiered Compilers"/>
    <property name="os.detected.name" value="linux"/>
    <property name="os.version" value="4.4.0-18362-Microsoft"/>
    <property name="library.jansi.path" value="/mnt/c/Program Files (x86)/apache-maven-3.6.2/lib/jansi-native"/>
    <property name="user.home" value="/home/dlxeee"/>
    <property name="user.timezone" value="Europe/Warsaw"/>
    <property name="java.awt.printerjob" value="sun.print.PSPrinterJob"/>
    <property name="java.specification.version" value="1.8"/>
    <property name="file.encoding" value="UTF-8"/>
    <property name="os.detected.release" value="ubuntu"/>
    <property name="user.name" value="dlxeee"/>
    <property name="java.class.path" value="/mnt/c/Program Files (x86)/apache-maven-3.6.2/boot/plexus-classworlds-2.6.0.jar"/>
    <property name="java.vm.specification.version" value="1.8"/>
    <property name="sun.arch.data.model" value="64"/>
    <property name="java.home" value="/usr/lib/jvm/graalvm-ce-19.2.1/jre"/>
    <property name="sun.java.command" value="org.codehaus.plexus.classworlds.launcher.Launcher package -Pnative-image"/>
    <property name="java.specification.vendor" value="Oracle Corporation"/>
    <property name="user.language" value="en"/>
    <property name="awt.toolkit" value="sun.awt.X11.XToolkit"/>
    <property name="java.vm.info" value="mixed mode"/>
    <property name="os.detected.release.like.ubuntu" value="true"/>
    <property name="java.version" value="1.8.0_232"/>
    <property name="java.ext.dirs" value="/usr/lib/jvm/graalvm-ce-19.2.1/jre/lib/ext:/usr/java/packages/lib/ext"/>
    <property name="securerandom.source" value="file:/dev/./urandom"/>
    <property name="sun.boot.class.path" value="/usr/lib/jvm/graalvm-ce-19.2.1/jre/lib/resources.jar:/usr/lib/jvm/graalvm-ce-19.2.1/jre/lib/rt.jar:/usr/lib/jvm/graalvm-ce-19.2.1/jre/lib/sunrsasign.jar:/usr/lib/jvm/graalvm-ce-19.2.1/jre/lib/jsse.jar:/usr/lib/jvm/graalvm-ce-19.2.1/jre/lib/jce.jar:/usr/lib/jvm/graalvm-ce-19.2.1/jre/lib/charsets.jar:/usr/lib/jvm/graalvm-ce-19.2.1/jre/lib/jfr.jar:/usr/lib/jvm/graalvm-ce-19.2.1/jre/lib/jvmci-services.jar:/usr/lib/jvm/graalvm-ce-19.2.1/jre/classes:/usr/lib/jvm/graalvm-ce-19.2.1/jre/lib/boot/graal-sdk.jar:/usr/lib/jvm/graalvm-ce-19.2.1/jre/lib/boot/graal-sdk.src.zip:/usr/lib/jvm/graalvm-ce-19.2.1/jre/lib/boot/graaljs-scriptengine.jar"/>
    <property name="java.vendor" value="Oracle Corporation"/>
    <property name="maven.home" value="/mnt/c/Program Files (x86)/apache-maven-3.6.2"/>
    <property name="file.separator" value="/"/>
    <property name="java.vendor.url.bug" value="http://bugreport.sun.com/bugreport/"/>
    <property name="sun.cpu.endian" value="little"/>
    <property name="sun.io.unicode.encoding" value="UnicodeLittle"/>
    <property name="jvmci.Compiler" value="graal"/>
    <property name="sun.cpu.isalist" value=""/>
  </properties>
  <testcase name="testHelloWorld" classname="com.ivandelic.prototype.teleport.MainTest" time="0.295"/>
</testsuite>